2018-04-21 09:21:37.210 [main] INFO  socketio.MessageHubApplication -Starting MessageHubApplication on DESKTOP-HUI1KAK with PID 17356 (D:\WebSocket\socketio\target\classes started by westfive in D:\WebSocket\socketio)
2018-04-21 09:21:37.239 [main] INFO  socketio.MessageHubApplication -No active profile set, falling back to default profiles: default
2018-04-21 09:21:37.280 [main] INFO  o.s.b.c.e.AnnotationConfigEmbeddedWebApplicationContext -Refreshing org.springframework.boot.context.embedded.AnnotationConfigEmbeddedWebApplicationContext@18dfcc1: startup date [Sat Apr 21 09:21:37 CST 2018]; root of context hierarchy
2018-04-21 09:21:38.734 [main] INFO  o.s.d.r.c.RepositoryConfigurationDelegate -Multiple Spring Data modules found, entering strict repository configuration mode!
2018-04-21 09:21:39.112 [main] INFO  o.s.c.s.PostProcessorRegistrationDelegate$BeanPostProcessorChecker -Bean 'org.springframework.cache.annotation.ProxyCachingConfiguration' of type [org.springframework.cache.annotation.ProxyCachingConfiguration$$EnhancerBySpringCGLIB$$ec449d75] is not eligible for getting processed by all BeanPostProcessors (for example: not eligible for auto-proxying)
2018-04-21 09:21:39.156 [main] INFO  o.s.c.s.PostProcessorRegistrationDelegate$BeanPostProcessorChecker -Bean 'org.springframework.boot.autoconfigure.cache.CacheAutoConfiguration' of type [org.springframework.boot.autoconfigure.cache.CacheAutoConfiguration$$EnhancerBySpringCGLIB$$e0b86219] is not eligible for getting processed by all BeanPostProcessors (for example: not eligible for auto-proxying)
2018-04-21 09:21:39.220 [main] INFO  o.s.c.s.PostProcessorRegistrationDelegate$BeanPostProcessorChecker -Bean 'spring.cache-org.springframework.boot.autoconfigure.cache.CacheProperties' of type [org.springframework.boot.autoconfigure.cache.CacheProperties] is not eligible for getting processed by all BeanPostProcessors (for example: not eligible for auto-proxying)
2018-04-21 09:21:39.226 [main] INFO  o.s.c.s.PostProcessorRegistrationDelegate$BeanPostProcessorChecker -Bean 'cacheManagerCustomizers' of type [org.springframework.boot.autoconfigure.cache.CacheManagerCustomizers] is not eligible for getting processed by all BeanPostProcessors (for example: not eligible for auto-proxying)
2018-04-21 09:21:39.232 [main] INFO  o.s.c.s.PostProcessorRegistrationDelegate$BeanPostProcessorChecker -Bean 'org.springframework.boot.autoconfigure.cache.RedisCacheConfiguration' of type [org.springframework.boot.autoconfigure.cache.RedisCacheConfiguration$$EnhancerBySpringCGLIB$$9149fe73] is not eligible for getting processed by all BeanPostProcessors (for example: not eligible for auto-proxying)
2018-04-21 09:21:39.237 [main] INFO  o.s.c.s.PostProcessorRegistrationDelegate$BeanPostProcessorChecker -Bean 'org.springframework.boot.autoconfigure.data.redis.RedisAutoConfiguration$RedisConfiguration' of type [org.springframework.boot.autoconfigure.data.redis.RedisAutoConfiguration$RedisConfiguration$$EnhancerBySpringCGLIB$$e8d4ece4] is not eligible for getting processed by all BeanPostProcessors (for example: not eligible for auto-proxying)
2018-04-21 09:21:39.245 [main] INFO  o.s.c.s.PostProcessorRegistrationDelegate$BeanPostProcessorChecker -Bean 'spring.redis-org.springframework.boot.autoconfigure.data.redis.RedisProperties' of type [org.springframework.boot.autoconfigure.data.redis.RedisProperties] is not eligible for getting processed by all BeanPostProcessors (for example: not eligible for auto-proxying)
2018-04-21 09:21:39.250 [main] INFO  o.s.c.s.PostProcessorRegistrationDelegate$BeanPostProcessorChecker -Bean 'org.springframework.boot.autoconfigure.data.redis.RedisAutoConfiguration$RedisConnectionConfiguration' of type [org.springframework.boot.autoconfigure.data.redis.RedisAutoConfiguration$RedisConnectionConfiguration$$EnhancerBySpringCGLIB$$372c8e66] is not eligible for getting processed by all BeanPostProcessors (for example: not eligible for auto-proxying)
2018-04-21 09:21:39.287 [main] INFO  o.s.c.s.PostProcessorRegistrationDelegate$BeanPostProcessorChecker -Bean 'redisConnectionFactory' of type [org.springframework.data.redis.connection.jedis.JedisConnectionFactory] is not eligible for getting processed by all BeanPostProcessors (for example: not eligible for auto-proxying)
2018-04-21 09:21:39.311 [main] INFO  o.s.c.s.PostProcessorRegistrationDelegate$BeanPostProcessorChecker -Bean 'redisTemplate' of type [org.springframework.data.redis.core.RedisTemplate] is not eligible for getting processed by all BeanPostProcessors (for example: not eligible for auto-proxying)
2018-04-21 09:21:39.325 [main] INFO  o.s.c.s.PostProcessorRegistrationDelegate$BeanPostProcessorChecker -Bean 'cacheManager' of type [org.springframework.data.redis.cache.RedisCacheManager] is not eligible for getting processed by all BeanPostProcessors (for example: not eligible for auto-proxying)
2018-04-21 09:21:39.327 [main] INFO  o.s.c.s.PostProcessorRegistrationDelegate$BeanPostProcessorChecker -Bean 'cacheAutoConfigurationValidator' of type [org.springframework.boot.autoconfigure.cache.CacheAutoConfiguration$CacheManagerValidator] is not eligible for getting processed by all BeanPostProcessors (for example: not eligible for auto-proxying)
2018-04-21 09:21:39.678 [main] INFO  o.s.b.c.e.t.TomcatEmbeddedServletContainer -Tomcat initialized with port(s): 8081 (http)
2018-04-21 09:21:39.686 [main] INFO  o.a.catalina.core.StandardService -Starting service [Tomcat]
2018-04-21 09:21:39.687 [main] INFO  o.a.catalina.core.StandardEngine -Starting Servlet Engine: Apache Tomcat/8.5.23
2018-04-21 09:21:39.872 [localhost-startStop-1] INFO  o.a.c.c.C.[Tomcat].[localhost].[/] -Initializing Spring embedded WebApplicationContext
2018-04-21 09:21:39.872 [localhost-startStop-1] INFO  o.s.web.context.ContextLoader -Root WebApplicationContext: initialization completed in 2592 ms
2018-04-21 09:21:40.123 [localhost-startStop-1] INFO  o.s.b.w.s.ServletRegistrationBean -Mapping servlet: 'dispatcherServlet' to [/]
2018-04-21 09:21:40.126 [localhost-startStop-1] INFO  o.s.b.w.s.FilterRegistrationBean -Mapping filter: 'characterEncodingFilter' to: [/*]
2018-04-21 09:21:40.127 [localhost-startStop-1] INFO  o.s.b.w.s.FilterRegistrationBean -Mapping filter: 'hiddenHttpMethodFilter' to: [/*]
2018-04-21 09:21:40.127 [localhost-startStop-1] INFO  o.s.b.w.s.FilterRegistrationBean -Mapping filter: 'httpPutFormContentFilter' to: [/*]
2018-04-21 09:21:40.127 [localhost-startStop-1] INFO  o.s.b.w.s.FilterRegistrationBean -Mapping filter: 'requestContextFilter' to: [/*]
2018-04-21 09:21:40.287 [main] ERROR socketio.util.PoolsUtil -初始化从Redis中读取Pools数据出错
2018-04-21 09:21:40.767 [main] INFO  o.s.w.s.m.m.a.RequestMappingHandlerMapping -Mapped "{[/addMessage],methods=[POST]}" onto private socketio.model.bean.Response socketio.controller.ClientApiController.addQueue(socketio.model.Message.MessageCreate)
2018-04-21 09:21:40.769 [main] INFO  o.s.w.s.m.m.a.RequestMappingHandlerMapping -Mapped "{[/v2/api-docs],methods=[GET],produces=[application/json || application/hal+json]}" onto public org.springframework.http.ResponseEntity<springfox.documentation.spring.web.json.Json> springfox.documentation.swagger2.web.Swagger2Controller.getDocumentation(java.lang.String,javax.servlet.http.HttpServletRequest)
2018-04-21 09:21:40.772 [main] INFO  o.s.w.s.m.m.a.RequestMappingHandlerMapping -Mapped "{[/swagger-resources/configuration/security]}" onto org.springframework.http.ResponseEntity<springfox.documentation.swagger.web.SecurityConfiguration> springfox.documentation.swagger.web.ApiResourceController.securityConfiguration()
2018-04-21 09:21:40.773 [main] INFO  o.s.w.s.m.m.a.RequestMappingHandlerMapping -Mapped "{[/swagger-resources/configuration/ui]}" onto org.springframework.http.ResponseEntity<springfox.documentation.swagger.web.UiConfiguration> springfox.documentation.swagger.web.ApiResourceController.uiConfiguration()
2018-04-21 09:21:40.773 [main] INFO  o.s.w.s.m.m.a.RequestMappingHandlerMapping -Mapped "{[/swagger-resources]}" onto org.springframework.http.ResponseEntity<java.util.List<springfox.documentation.swagger.web.SwaggerResource>> springfox.documentation.swagger.web.ApiResourceController.swaggerResources()
2018-04-21 09:21:40.777 [main] INFO  o.s.w.s.m.m.a.RequestMappingHandlerMapping -Mapped "{[/error]}" onto public org.springframework.http.ResponseEntity<java.util.Map<java.lang.String, java.lang.Object>> org.springframework.boot.autoconfigure.web.BasicErrorController.error(javax.servlet.http.HttpServletRequest)
2018-04-21 09:21:40.778 [main] INFO  o.s.w.s.m.m.a.RequestMappingHandlerMapping -Mapped "{[/error],produces=[text/html]}" onto public org.springframework.web.servlet.ModelAndView org.springframework.boot.autoconfigure.web.BasicErrorController.errorHtml(javax.servlet.http.HttpServletRequest,javax.servlet.http.HttpServletResponse)
2018-04-21 09:21:41.087 [main] INFO  o.s.w.s.m.m.a.RequestMappingHandlerAdapter -Looking for @ControllerAdvice: org.springframework.boot.context.embedded.AnnotationConfigEmbeddedWebApplicationContext@18dfcc1: startup date [Sat Apr 21 09:21:37 CST 2018]; root of context hierarchy
2018-04-21 09:21:41.131 [main] INFO  o.s.w.s.h.SimpleUrlHandlerMapping -Mapped URL path [/webjars/**] onto handler of type [class org.springframework.web.servlet.resource.ResourceHttpRequestHandler]
2018-04-21 09:21:41.132 [main] INFO  o.s.w.s.h.SimpleUrlHandlerMapping -Mapped URL path [/**] onto handler of type [class org.springframework.web.servlet.resource.ResourceHttpRequestHandler]
2018-04-21 09:21:41.165 [main] INFO  o.s.w.s.h.SimpleUrlHandlerMapping -Mapped URL path [/**/favicon.ico] onto handler of type [class org.springframework.web.servlet.resource.ResourceHttpRequestHandler]
2018-04-21 09:21:41.238 [main] INFO  o.s.b.a.w.WebMvcAutoConfiguration$WelcomePageHandlerMapping -Adding welcome page: class path resource [static/index.html]
2018-04-21 09:21:41.451 [main] INFO  o.s.j.e.a.AnnotationMBeanExporter -Registering beans for JMX exposure on startup
2018-04-21 09:21:41.460 [main] INFO  o.s.c.s.DefaultLifecycleProcessor -Starting beans in phase 2147483647
2018-04-21 09:21:41.460 [main] INFO  s.d.s.w.p.DocumentationPluginsBootstrapper -Context refreshed
2018-04-21 09:21:41.477 [main] INFO  s.d.s.w.p.DocumentationPluginsBootstrapper -Found 1 custom documentation plugin(s)
2018-04-21 09:21:41.488 [main] INFO  s.d.s.w.s.ApiListingReferenceScanner -Scanning for api listing references
2018-04-21 09:21:41.636 [main] INFO  o.s.b.c.e.t.TomcatEmbeddedServletContainer -Tomcat started on port(s): 8081 (http)
2018-04-21 09:21:41.689 [main] WARN  socketio.service.MessageHubService -消息服务开启成功
2018-04-21 09:21:41.696 [main] INFO  c.c.socketio.SocketIOServer -Session store / pubsub factory used: MemoryStoreFactory (local session store only)
2018-04-21 09:21:42.469 [nioEventLoopGroup-2-1] INFO  c.c.socketio.SocketIOServer -SocketIO server started at port: 5004
2018-04-21 09:21:42.485 [main] INFO  socketio.MessageHubApplication -Started MessageHubApplication in 5.73 seconds (JVM running for 6.862)
2018-04-21 10:14:58.221 [http-nio-8081-exec-1] INFO  o.a.c.c.C.[Tomcat].[localhost].[/] -Initializing Spring FrameworkServlet 'dispatcherServlet'
2018-04-21 10:14:58.222 [http-nio-8081-exec-1] INFO  o.s.web.servlet.DispatcherServlet -FrameworkServlet 'dispatcherServlet': initialization started
2018-04-21 10:14:58.262 [http-nio-8081-exec-1] INFO  o.s.web.servlet.DispatcherServlet -FrameworkServlet 'dispatcherServlet': initialization completed in 39 ms
2018-04-21 10:15:05.673 [nioEventLoopGroup-3-6] WARN  s.service.ConnectModuleService -Connect|handler|f34896b4-a51d-4bdc-9e84-d9438de3db0e
2018-04-21 10:15:16.576 [nioEventLoopGroup-3-5] INFO  socketio.service.PoolModuleService -socketio.model.Pool.PoolCreate@ca1470
2018-04-21 10:15:51.216 [nioEventLoopGroup-3-5] WARN  s.service.ConnectModuleService -disConnect|handler|109b2c7b-482e-4d71-a725-47e3228ee99b
2018-04-21 10:15:51.216 [nioEventLoopGroup-3-7] WARN  s.service.ConnectModuleService -disConnect|handler|f34896b4-a51d-4bdc-9e84-d9438de3db0e
2018-04-21 10:15:51.226 [nioEventLoopGroup-3-5] WARN  s.service.ConnectModuleService -disPoollisten|handel|109b2c7b-482e-4d71-a725-47e3228ee99b
2018-04-21 10:15:51.236 [nioEventLoopGroup-3-7] WARN  s.service.ConnectModuleService -disPoollisten|handel|f34896b4-a51d-4bdc-9e84-d9438de3db0e
2018-04-21 10:15:55.477 [nioEventLoopGroup-3-1] WARN  s.service.ConnectModuleService -disConnect|handler|0b98b3b8-6b84-4ccd-a31e-274e40c84c49
2018-04-21 10:15:55.487 [nioEventLoopGroup-3-1] WARN  s.service.ConnectModuleService -disPoollisten|handel|0b98b3b8-6b84-4ccd-a31e-274e40c84c49
2018-04-21 10:16:02.635 [nioEventLoopGroup-3-7] WARN  s.service.ConnectModuleService -disConnect|handler|d1264edc-db8f-4b1e-a78f-579acf9f4d76
2018-04-21 10:16:02.643 [nioEventLoopGroup-3-7] WARN  s.service.ConnectModuleService -disPoollisten|handel|d1264edc-db8f-4b1e-a78f-579acf9f4d76
